Using pre-set license
Built from '2020.3/staging' branch; Version is '2020.3.5f1 (8095aa901b9b) revision 8426922'; Using compiler version '192528614'; Build Type 'Release'
OS: 'Windows 10 Home; OS build 19042.1083; Version 2009; 64bit' Language: 'en' Physical Memory: 16191 MB
BatchMode: 1, IsHumanControllingUs: 0, StartBugReporterOnCrash: 0, Is64bit: 1, IsPro: 0

 COMMAND LINE ARGUMENTS:
C:\Program Files\Unity\Hub\Editor\2020.3.5f1\Editor\Unity.exe
-adb2
-batchMode
-noUpm
-name
AssetImportWorker0
-projectPath
C:/Users/alb3r/Desktop/Github Files/PeriodicTableGenerator/Periodic Table Generator
-logFile
Logs/AssetImportWorker0.log
-srvPort
59669
Successfully changed project path to: C:/Users/alb3r/Desktop/Github Files/PeriodicTableGenerator/Periodic Table Generator
C:/Users/alb3r/Desktop/Github Files/PeriodicTableGenerator/Periodic Table Generator
Using Asset Import Pipeline V2.
Refreshing native plugins compatible for Editor in 85.27 ms, found 0 plugins.
Preloading 0 native plugins for Editor in 0.00 ms.
Initialize engine version: 2020.3.5f1 (8095aa901b9b)
[Subsystems] Discovering subsystems at path C:/Program Files/Unity/Hub/Editor/2020.3.5f1/Editor/Data/Resources/UnitySubsystems
[Subsystems] Discovering subsystems at path C:/Users/alb3r/Desktop/Github Files/PeriodicTableGenerator/Periodic Table Generator/Assets
GfxDevice: creating device client; threaded=0
Direct3D:
    Version:  Direct3D 11.0 [level 11.1]
    Renderer: NVIDIA GeForce GTX 1660 Ti (ID=0x2191)
    Vendor:   
    VRAM:     5991 MB
    Driver:   27.21.14.6140
Initialize mono
Mono path[0] = 'C:/Program Files/Unity/Hub/Editor/2020.3.5f1/Editor/Data/Managed'
Mono path[1] = 'C:/Program Files/Unity/Hub/Editor/2020.3.5f1/Editor/Data/MonoBleedingEdge/lib/mono/unityjit'
Mono config path = 'C:/Program Files/Unity/Hub/Editor/2020.3.5f1/Editor/Data/MonoBleedingEdge/etc'
Using monoOptions --debugger-agent=transport=dt_socket,embedding=1,server=y,suspend=n,address=127.0.0.1:56816
Begin MonoManager ReloadAssembly
Registering precompiled unity dll's ...
Register platform support module: C:/Program Files/Unity/Hub/Editor/2020.3.5f1/Editor/Data/PlaybackEngines/WindowsStandaloneSupport/UnityEditor.WindowsStandalone.Extensions.dll
Registered in 0.005487 seconds.
Native extension for WindowsStandalone target not found
Refreshing native plugins compatible for Editor in 38.62 ms, found 0 plugins.
Preloading 0 native plugins for Editor in 0.00 ms.
Mono: successfully reloaded assembly
- Completed reload, in  6.729 seconds
Platform modules already initialized, skipping
Registering precompiled user dll's ...
Registered in 0.004400 seconds.
Begin MonoManager ReloadAssembly
Native extension for WindowsStandalone target not found
Refreshing native plugins compatible for Editor in 0.34 ms, found 0 plugins.
Preloading 0 native plugins for Editor in 0.00 ms.
Mono: successfully reloaded assembly
- Completed reload, in  3.335 seconds
Platform modules already initialized, skipping
========================================================================
Worker process is ready to serve import requests
Launched and connected shader compiler UnityShaderCompiler.exe after 0.13 seconds
Refreshing native plugins compatible for Editor in 0.70 ms, found 0 plugins.
Preloading 0 native plugins for Editor in 0.00 ms.
Unloading 1122 Unused Serialized files (Serialized files now loaded: 0)
System memory in use before: 57.7 MB.
System memory in use after: 57.7 MB.

Unloading 13 unused Assets to reduce memory usage. Loaded Objects now: 1561.
Total: 6.123200 ms (FindLiveObjects: 0.506700 ms CreateObjectMapping: 0.221200 ms MarkObjects: 5.198200 ms  DeleteObjects: 0.192900 ms)

========================================================================
Received Import Request.
  path: Assets/Scripts/ElementsJsonDecoder.cs
  artifactKey: Guid(71312677672ae7f4cb1231e65a12277b) Importer(815301076,1909f56bfc062723c751e8b465ee728b)
Start importing Assets/Scripts/ElementsJsonDecoder.cs using Guid(71312677672ae7f4cb1231e65a12277b) Importer(815301076,1909f56bfc062723c751e8b465ee728b)  -> (artifact id: '47bce7289676bc620b4a114b1b99c584') in 0.101183 seconds
  Import took 0.107791 seconds .

========================================================================
Received Import Request.
  Time since last request: 568.156443 seconds.
  path: Assets/JsonDotNet/Documentation
  artifactKey: Guid(76f828f47ce26cc43991113c6a39dbbf) Importer(815301076,1909f56bfc062723c751e8b465ee728b)
Start importing Assets/JsonDotNet/Documentation using Guid(76f828f47ce26cc43991113c6a39dbbf) Importer(815301076,1909f56bfc062723c751e8b465ee728b)  -> (artifact id: '90958e4dc1cc8429b233b1efdf50f7bb') in 0.035750 seconds
  Import took 0.043869 seconds .

========================================================================
Received Import Request.
  Time since last request: 0.015370 seconds.
  path: Assets/JsonDotNet/Documentation
  artifactKey: Guid(76f828f47ce26cc43991113c6a39dbbf) Importer(815301076,1909f56bfc062723c751e8b465ee728b)
Start importing Assets/JsonDotNet/Documentation using Guid(76f828f47ce26cc43991113c6a39dbbf) Importer(815301076,1909f56bfc062723c751e8b465ee728b)  -> (artifact id: '90958e4dc1cc8429b233b1efdf50f7bb') in 0.022609 seconds
  Import took 0.029044 seconds .

========================================================================
Received Prepare
Registering precompiled user dll's ...
Registered in 0.007294 seconds.
Begin MonoManager ReloadAssembly
Native extension for WindowsStandalone target not found
Refreshing native plugins compatible for Editor in 0.51 ms, found 0 plugins.
Preloading 0 native plugins for Editor in 0.00 ms.
Mono: successfully reloaded assembly
- Completed reload, in  2.522 seconds
Platform modules already initialized, skipping
Refreshing native plugins compatible for Editor in 0.49 ms, found 0 plugins.
Preloading 0 native plugins for Editor in 0.00 ms.
Unloading 1118 Unused Serialized files (Serialized files now loaded: 0)
System memory in use before: 57.6 MB.
System memory in use after: 57.7 MB.

Unloading 8 unused Assets to reduce memory usage. Loaded Objects now: 1565.
Total: 4.431800 ms (FindLiveObjects: 0.523200 ms CreateObjectMapping: 0.110100 ms MarkObjects: 3.555200 ms  DeleteObjects: 0.240300 ms)

========================================================================
Received Import Request.
  Time since last request: 253.753507 seconds.
  path: Assets/Scripts/ElementsJsonDecoder.cs
  artifactKey: Guid(71312677672ae7f4cb1231e65a12277b) Importer(815301076,1909f56bfc062723c751e8b465ee728b)
Start importing Assets/Scripts/ElementsJsonDecoder.cs using Guid(71312677672ae7f4cb1231e65a12277b) Importer(815301076,1909f56bfc062723c751e8b465ee728b)  -> (artifact id: '62446170dbae90e6a30e94a7fdd91896') in 0.045822 seconds
  Import took 0.051946 seconds .

========================================================================
Received Import Request.
  Time since last request: 0.003083 seconds.
  path: Assets/Scripts/ElementsJsonDecoder.cs
  artifactKey: Guid(71312677672ae7f4cb1231e65a12277b) Importer(815301076,1909f56bfc062723c751e8b465ee728b)
Start importing Assets/Scripts/ElementsJsonDecoder.cs using Guid(71312677672ae7f4cb1231e65a12277b) Importer(815301076,1909f56bfc062723c751e8b465ee728b)  -> (artifact id: '62446170dbae90e6a30e94a7fdd91896') in 0.024401 seconds
  Import took 0.031610 seconds .

========================================================================
Received Prepare
Registering precompiled user dll's ...
Registered in 0.006654 seconds.
Begin MonoManager ReloadAssembly
Native extension for WindowsStandalone target not found
Refreshing native plugins compatible for Editor in 0.67 ms, found 0 plugins.
Preloading 0 native plugins for Editor in 0.00 ms.
Mono: successfully reloaded assembly
- Completed reload, in  2.498 seconds
Platform modules already initialized, skipping
Refreshing native plugins compatible for Editor in 0.49 ms, found 0 plugins.
Preloading 0 native plugins for Editor in 0.00 ms.
Unloading 1118 Unused Serialized files (Serialized files now loaded: 0)
System memory in use before: 57.7 MB.
System memory in use after: 57.7 MB.

Unloading 8 unused Assets to reduce memory usage. Loaded Objects now: 1568.
Total: 4.095800 ms (FindLiveObjects: 0.278600 ms CreateObjectMapping: 0.066500 ms MarkObjects: 3.618200 ms  DeleteObjects: 0.129500 ms)

========================================================================
Received Prepare
Registering precompiled user dll's ...
Registered in 0.006171 seconds.
Begin MonoManager ReloadAssembly
Native extension for WindowsStandalone target not found
Refreshing native plugins compatible for Editor in 0.66 ms, found 0 plugins.
Preloading 0 native plugins for Editor in 0.00 ms.
Mono: successfully reloaded assembly
- Completed reload, in  2.429 seconds
Platform modules already initialized, skipping
Refreshing native plugins compatible for Editor in 0.51 ms, found 0 plugins.
Preloading 0 native plugins for Editor in 0.00 ms.
Unloading 1118 Unused Serialized files (Serialized files now loaded: 0)
System memory in use before: 57.7 MB.
System memory in use after: 57.7 MB.

Unloading 8 unused Assets to reduce memory usage. Loaded Objects now: 1571.
Total: 4.195500 ms (FindLiveObjects: 0.279900 ms CreateObjectMapping: 0.068300 ms MarkObjects: 3.720700 ms  DeleteObjects: 0.122800 ms)

========================================================================
Received Prepare
Registering precompiled user dll's ...
Registered in 0.008433 seconds.
Begin MonoManager ReloadAssembly
Native extension for WindowsStandalone target not found
Refreshing native plugins compatible for Editor in 0.52 ms, found 0 plugins.
Preloading 0 native plugins for Editor in 0.00 ms.
Mono: successfully reloaded assembly
- Completed reload, in  2.593 seconds
Platform modules already initialized, skipping
Refreshing native plugins compatible for Editor in 0.49 ms, found 0 plugins.
Preloading 0 native plugins for Editor in 0.00 ms.
Unloading 1118 Unused Serialized files (Serialized files now loaded: 0)
System memory in use before: 57.7 MB.
System memory in use after: 57.8 MB.

Unloading 8 unused Assets to reduce memory usage. Loaded Objects now: 1574.
Total: 5.088300 ms (FindLiveObjects: 0.486700 ms CreateObjectMapping: 0.161600 ms MarkObjects: 4.308700 ms  DeleteObjects: 0.127200 ms)

========================================================================
Received Prepare
Registering precompiled user dll's ...
Registered in 0.010174 seconds.
Begin MonoManager ReloadAssembly
Native extension for WindowsStandalone target not found
Refreshing native plugins compatible for Editor in 0.52 ms, found 0 plugins.
Preloading 0 native plugins for Editor in 0.00 ms.
Mono: successfully reloaded assembly
- Completed reload, in  2.508 seconds
Platform modules already initialized, skipping
Refreshing native plugins compatible for Editor in 0.59 ms, found 0 plugins.
Preloading 0 native plugins for Editor in 0.00 ms.
Unloading 1118 Unused Serialized files (Serialized files now loaded: 0)
System memory in use before: 57.7 MB.
System memory in use after: 57.8 MB.

Unloading 8 unused Assets to reduce memory usage. Loaded Objects now: 1577.
Total: 4.183600 ms (FindLiveObjects: 0.282900 ms CreateObjectMapping: 0.067500 ms MarkObjects: 3.700800 ms  DeleteObjects: 0.129900 ms)

========================================================================
Received Import Request.
  Time since last request: 483.729479 seconds.
  path: Assets/Scripts/ElementsJsonDetails.cs
  artifactKey: Guid(945bdbe3d1ecc7c47a907e08463ecc3f) Importer(815301076,1909f56bfc062723c751e8b465ee728b)
Start importing Assets/Scripts/ElementsJsonDetails.cs using Guid(945bdbe3d1ecc7c47a907e08463ecc3f) Importer(815301076,1909f56bfc062723c751e8b465ee728b)  -> (artifact id: 'c2833e43a11a392c85b15edd1421777c') in 0.024700 seconds
  Import took 0.029368 seconds .

========================================================================
Received Prepare
Registering precompiled user dll's ...
Registered in 0.009074 seconds.
Begin MonoManager ReloadAssembly
Native extension for WindowsStandalone target not found
Refreshing native plugins compatible for Editor in 0.50 ms, found 0 plugins.
Preloading 0 native plugins for Editor in 0.00 ms.
Mono: successfully reloaded assembly
- Completed reload, in  2.635 seconds
Platform modules already initialized, skipping
Refreshing native plugins compatible for Editor in 0.49 ms, found 0 plugins.
Preloading 0 native plugins for Editor in 0.00 ms.
Unloading 1118 Unused Serialized files (Serialized files now loaded: 0)
System memory in use before: 57.7 MB.
System memory in use after: 57.8 MB.

Unloading 8 unused Assets to reduce memory usage. Loaded Objects now: 1580.
Total: 5.394500 ms (FindLiveObjects: 0.468300 ms CreateObjectMapping: 0.212800 ms MarkObjects: 4.571000 ms  DeleteObjects: 0.138800 ms)

========================================================================
Received Prepare
Registering precompiled user dll's ...
Registered in 0.006279 seconds.
Begin MonoManager ReloadAssembly
Native extension for WindowsStandalone target not found
Refreshing native plugins compatible for Editor in 1.02 ms, found 0 plugins.
Preloading 0 native plugins for Editor in 0.00 ms.
Mono: successfully reloaded assembly
- Completed reload, in  2.521 seconds
Platform modules already initialized, skipping
Refreshing native plugins compatible for Editor in 0.50 ms, found 0 plugins.
Preloading 0 native plugins for Editor in 0.00 ms.
Unloading 1118 Unused Serialized files (Serialized files now loaded: 0)
System memory in use before: 57.7 MB.
System memory in use after: 57.8 MB.

Unloading 8 unused Assets to reduce memory usage. Loaded Objects now: 1583.
Total: 3.862400 ms (FindLiveObjects: 0.282100 ms CreateObjectMapping: 0.066200 ms MarkObjects: 3.385900 ms  DeleteObjects: 0.125200 ms)

========================================================================
Received Prepare
Registering precompiled user dll's ...
Registered in 0.007511 seconds.
Begin MonoManager ReloadAssembly
Native extension for WindowsStandalone target not found
Refreshing native plugins compatible for Editor in 0.50 ms, found 0 plugins.
Preloading 0 native plugins for Editor in 0.00 ms.
Mono: successfully reloaded assembly
- Completed reload, in  2.460 seconds
Platform modules already initialized, skipping
Refreshing native plugins compatible for Editor in 0.50 ms, found 0 plugins.
Preloading 0 native plugins for Editor in 0.00 ms.
Unloading 1118 Unused Serialized files (Serialized files now loaded: 0)
System memory in use before: 57.7 MB.
System memory in use after: 57.8 MB.

Unloading 8 unused Assets to reduce memory usage. Loaded Objects now: 1586.
Total: 3.911400 ms (FindLiveObjects: 0.273200 ms CreateObjectMapping: 0.067700 ms MarkObjects: 3.434000 ms  DeleteObjects: 0.133700 ms)

========================================================================
Received Import Request.
  Time since last request: 1222.352290 seconds.
  path: Assets/Scripts/ElementsJsonDetails.cs
  artifactKey: Guid(945bdbe3d1ecc7c47a907e08463ecc3f) Importer(815301076,1909f56bfc062723c751e8b465ee728b)
Start importing Assets/Scripts/ElementsJsonDetails.cs using Guid(945bdbe3d1ecc7c47a907e08463ecc3f) Importer(815301076,1909f56bfc062723c751e8b465ee728b)  -> (artifact id: 'a34a7fd787906d4ea816631c5b613c13') in 0.022631 seconds
  Import took 0.028078 seconds .

========================================================================
Received Prepare
Registering precompiled user dll's ...
Registered in 0.005768 seconds.
Begin MonoManager ReloadAssembly
Native extension for WindowsStandalone target not found
Refreshing native plugins compatible for Editor in 0.51 ms, found 0 plugins.
Preloading 0 native plugins for Editor in 0.00 ms.
Mono: successfully reloaded assembly
- Completed reload, in  2.604 seconds
Platform modules already initialized, skipping
Refreshing native plugins compatible for Editor in 0.49 ms, found 0 plugins.
Preloading 0 native plugins for Editor in 0.00 ms.
Unloading 1118 Unused Serialized files (Serialized files now loaded: 0)
System memory in use before: 57.7 MB.
System memory in use after: 57.8 MB.

Unloading 8 unused Assets to reduce memory usage. Loaded Objects now: 1589.
Total: 3.946400 ms (FindLiveObjects: 0.290600 ms CreateObjectMapping: 0.071400 ms MarkObjects: 3.445200 ms  DeleteObjects: 0.136000 ms)

========================================================================
Received Prepare
Registering precompiled user dll's ...
Registered in 0.006444 seconds.
Begin MonoManager ReloadAssembly
Native extension for WindowsStandalone target not found
Refreshing native plugins compatible for Editor in 0.51 ms, found 0 plugins.
Preloading 0 native plugins for Editor in 0.00 ms.
Mono: successfully reloaded assembly
- Completed reload, in  2.531 seconds
Platform modules already initialized, skipping
Refreshing native plugins compatible for Editor in 0.58 ms, found 0 plugins.
Preloading 0 native plugins for Editor in 0.00 ms.
Unloading 1118 Unused Serialized files (Serialized files now loaded: 0)
System memory in use before: 57.7 MB.
System memory in use after: 57.8 MB.

Unloading 8 unused Assets to reduce memory usage. Loaded Objects now: 1592.
Total: 4.184200 ms (FindLiveObjects: 0.284500 ms CreateObjectMapping: 0.068200 ms MarkObjects: 3.695500 ms  DeleteObjects: 0.132800 ms)

========================================================================
Received Prepare
Registering precompiled user dll's ...
Registered in 0.007635 seconds.
Begin MonoManager ReloadAssembly
Native extension for WindowsStandalone target not found
Refreshing native plugins compatible for Editor in 0.81 ms, found 0 plugins.
Preloading 0 native plugins for Editor in 0.00 ms.
Mono: successfully reloaded assembly
- Completed reload, in  2.685 seconds
Platform modules already initialized, skipping
Refreshing native plugins compatible for Editor in 0.49 ms, found 0 plugins.
Preloading 0 native plugins for Editor in 0.00 ms.
Unloading 1118 Unused Serialized files (Serialized files now loaded: 0)
System memory in use before: 57.7 MB.
System memory in use after: 57.8 MB.

Unloading 8 unused Assets to reduce memory usage. Loaded Objects now: 1595.
Total: 5.274100 ms (FindLiveObjects: 0.352400 ms CreateObjectMapping: 0.068700 ms MarkObjects: 4.707800 ms  DeleteObjects: 0.141800 ms)

========================================================================
Received Import Request.
  Time since last request: 1705.478605 seconds.
  path: Assets/Scripts/JsonUtils.cs
  artifactKey: Guid(675e4426eb3b49049b280e8a0645e56f) Importer(815301076,1909f56bfc062723c751e8b465ee728b)
Start importing Assets/Scripts/JsonUtils.cs using Guid(675e4426eb3b49049b280e8a0645e56f) Importer(815301076,1909f56bfc062723c751e8b465ee728b)  -> (artifact id: 'c451953ca9182a36f2516d92f3514900') in 0.050103 seconds
  Import took 0.056266 seconds .

========================================================================
Received Import Request.
  Time since last request: 0.014727 seconds.
  path: Assets/Scripts/JsonUtils.cs
  artifactKey: Guid(675e4426eb3b49049b280e8a0645e56f) Importer(815301076,1909f56bfc062723c751e8b465ee728b)
Start importing Assets/Scripts/JsonUtils.cs using Guid(675e4426eb3b49049b280e8a0645e56f) Importer(815301076,1909f56bfc062723c751e8b465ee728b)  -> (artifact id: 'c451953ca9182a36f2516d92f3514900') in 0.018980 seconds
  Import took 0.026166 seconds .

========================================================================
Received Import Request.
  Time since last request: 65.602078 seconds.
  path: Assets/Scripts/JsonHelper.cs
  artifactKey: Guid(3e1847bba1a489941bac2082d5038c3a) Importer(815301076,1909f56bfc062723c751e8b465ee728b)
Start importing Assets/Scripts/JsonHelper.cs using Guid(3e1847bba1a489941bac2082d5038c3a) Importer(815301076,1909f56bfc062723c751e8b465ee728b)  -> (artifact id: '0d1e1adf927f8c95ccd01c6cfdf763e1') in 0.045809 seconds
  Import took 0.054951 seconds .

========================================================================
Received Import Request.
  Time since last request: 189.659164 seconds.
  path: Assets/Scripts/JsonHelper.cs
  artifactKey: Guid(3e1847bba1a489941bac2082d5038c3a) Importer(815301076,1909f56bfc062723c751e8b465ee728b)
Start importing Assets/Scripts/JsonHelper.cs using Guid(3e1847bba1a489941bac2082d5038c3a) Importer(815301076,1909f56bfc062723c751e8b465ee728b)  -> (artifact id: 'e794e02fda11dbc6f43ac63d7a4dbe31') in 0.015499 seconds
  Import took 0.021607 seconds .

AssetImportWorkerClient::OnTransportError - code=2 error=End of file
